<?xml version="1.0" encoding="UTF-8"?>
<!-- Generated by org.testng.reporters.JUnitReportReporter -->
<testsuite skipped="0" hostname="DESKTOP-JUVN070" name="test.AddContactTest" tests="1" failures="0" timestamp="2021-12-26T12:05:31 CST" time="6.126" errors="0">
  <testcase name="validUserShouldBeAbleToAddCustomer" time="6.126" classname="test.AddContactTest"/>
  <system-out/>
</testsuite> <!-- test.AddContactTest -->
