<?xml version="1.0" encoding="UTF-8"?>
<!-- Generated by org.testng.reporters.JUnitReportReporter -->
<testsuite skipped="0" hostname="DESKTOP-JUVN070" name="test.LoginTest" tests="1" failures="0" timestamp="2021-12-26T08:56:00 CST" time="5.190" errors="0">
  <testcase name="verifiedUserLogin" time="5.190" classname="test.LoginTest"/>
  <system-out/>
</testsuite> <!-- test.LoginTest -->
